c:\users\lee\desktop\code\curve_and_surface\curve_surface\curveandsurface\x64\debug\bsplinesurface.obj
c:\users\lee\desktop\code\curve_and_surface\curve_surface\curveandsurface\x64\debug\json_reader.obj
c:\users\lee\desktop\code\curve_and_surface\curve_surface\curveandsurface\x64\debug\strategy.obj
c:\users\lee\desktop\code\curve_and_surface\curve_surface\curveandsurface\x64\debug\curveandsurface.obj
c:\users\lee\desktop\code\curve_and_surface\curve_surface\curveandsurface\x64\debug\bsplinecurve3d.obj
c:\users\lee\desktop\code\curve_and_surface\curve_surface\curveandsurface\x64\debug\json_value.obj
c:\users\lee\desktop\code\curve_and_surface\curve_surface\curveandsurface\x64\debug\sweptsurface.obj
c:\users\lee\desktop\code\curve_and_surface\curve_surface\curveandsurface\x64\debug\agent.obj
c:\users\lee\desktop\code\curve_and_surface\curve_surface\curveandsurface\x64\debug\beziersurface.obj
c:\users\lee\desktop\code\curve_and_surface\curve_surface\curveandsurface\x64\debug\nurbssurface.obj
c:\users\lee\desktop\code\curve_and_surface\curve_surface\curveandsurface\x64\debug\matrix33.obj
c:\users\lee\desktop\code\curve_and_surface\curve_surface\curveandsurface\x64\debug\bsplinecurve.obj
c:\users\lee\desktop\code\curve_and_surface\curve_surface\curveandsurface\x64\debug\main.obj
c:\users\lee\desktop\code\curve_and_surface\curve_surface\curveandsurface\x64\debug\json_writer.obj
c:\users\lee\desktop\code\curve_and_surface\curve_surface\curveandsurface\x64\debug\sweptsurfaceabstract.obj
c:\users\lee\desktop\code\curve_and_surface\curve_surface\curveandsurface\x64\debug\moc_sweptsurfacetransform.obj
c:\users\lee\desktop\code\curve_and_surface\curve_surface\curveandsurface\x64\debug\bsplinecurveabstract.obj
c:\users\lee\desktop\code\curve_and_surface\curve_surface\curveandsurface\x64\debug\sweptsurfacetransform.obj
c:\users\lee\desktop\code\curve_and_surface\curve_surface\curveandsurface\x64\debug\nurbscurve.obj
c:\users\lee\desktop\code\curve_and_surface\curve_surface\curveandsurface\x64\debug\beziercurve.obj
c:\users\lee\desktop\code\curve_and_surface\curve_surface\curveandsurface\x64\debug\sweptvolume.obj
c:\users\lee\desktop\code\curve_and_surface\curve_surface\curveandsurface\x64\debug\moc_bsplinecurve3d.obj
c:\users\lee\desktop\code\curve_and_surface\curve_surface\curveandsurface\x64\debug\moc_agent.obj
c:\users\lee\desktop\code\curve_and_surface\curve_surface\curveandsurface\x64\debug\moc_beziersurface.obj
c:\users\lee\desktop\code\curve_and_surface\curve_surface\curveandsurface\x64\debug\moc_curveandsurface.obj
c:\users\lee\desktop\code\curve_and_surface\curve_surface\curveandsurface\x64\debug\moc_bsplinecurve.obj
c:\users\lee\desktop\code\curve_and_surface\curve_surface\curveandsurface\x64\debug\moc_beziercurve.obj
c:\users\lee\desktop\code\curve_and_surface\curve_surface\curveandsurface\x64\debug\vc141.pdb
c:\users\lee\desktop\code\curve_and_surface\curve_surface\curveandsurface\generatedfiles\debug\moc_sweptsurfacetransform.cpp
c:\users\lee\desktop\code\curve_and_surface\curve_surface\curveandsurface\x64\debug\curveandsurface.pdb
c:\users\lee\desktop\code\curve_and_surface\curve_surface\curveandsurface\x64\debug\curveandsurface.tlog\cl.11248.write.1.tlog
c:\users\lee\desktop\code\curve_and_surface\curve_surface\curveandsurface\x64\debug\curveandsurface.tlog\cl.command.1.tlog
c:\users\lee\desktop\code\curve_and_surface\curve_surface\curveandsurface\x64\debug\curveandsurface.tlog\cl.read.1.tlog
c:\users\lee\desktop\code\curve_and_surface\curve_surface\curveandsurface\x64\debug\curveandsurface.tlog\custombuild.command.1.tlog
c:\users\lee\desktop\code\curve_and_surface\curve_surface\curveandsurface\x64\debug\curveandsurface.tlog\custombuild.read.1.tlog
c:\users\lee\desktop\code\curve_and_surface\curve_surface\curveandsurface\x64\debug\curveandsurface.tlog\custombuild.write.1.tlog
c:\users\lee\desktop\code\curve_and_surface\curve_surface\curveandsurface\x64\debug\curveandsurface.tlog\link-cvtres.read.1.tlog
c:\users\lee\desktop\code\curve_and_surface\curve_surface\curveandsurface\x64\debug\curveandsurface.tlog\link-cvtres.write.1.tlog
c:\users\lee\desktop\code\curve_and_surface\curve_surface\curveandsurface\x64\debug\curveandsurface.tlog\link-rc.read.1.tlog
c:\users\lee\desktop\code\curve_and_surface\curve_surface\curveandsurface\x64\debug\curveandsurface.tlog\link-rc.write.1.tlog
c:\users\lee\desktop\code\curve_and_surface\curve_surface\curveandsurface\x64\debug\curveandsurface.tlog\link.command.1.tlog
c:\users\lee\desktop\code\curve_and_surface\curve_surface\curveandsurface\x64\debug\curveandsurface.tlog\link.read.1.tlog
c:\users\lee\desktop\code\curve_and_surface\curve_surface\curveandsurface\x64\debug\curveandsurface.tlog\link.write.1.tlog
